(.venv) kunci115@Rinos-MacBook-Air fai-work-pipeline % ./test_multichunk_debug.sh
=== DEBUGGING MULTI-CHUNK FUNCTIONALITY ===
    Finished `dev` profile [unoptimized + debuginfo] target(s) in 0.40s
     Running `target/debug/fai init`
Initializing FAI repository...
Initialized FAI repository in .fai/
Creating large test file (3MB)...
Original file size:  3145728 bytes

=== ADDING FILE TO STORAGE ===
    Finished `dev` profile [unoptimized + debuginfo] target(s) in 0.09s
     Running `target/debug/fai add test_large.bin`
Adding test_large.bin to staging area...
File size: 3145728 bytes (3.00 MB)
DEBUG: Read 3145728 bytes from file: test_large.bin
DEBUG: StorageManager::store called with 3145728 bytes of data
DEBUG: CHUNK_SIZE = 1048576 bytes
SPLITTING: Large file detected (3145728 bytes > 1048576 bytes)
SPLITTING: Will create 3 chunks of 1048576 bytes each
Splitting file into 3 chunks...
DEBUG: Created chunk 0 (1048576 bytes, hash: 488de202f73bd976)
DEBUG: Created chunk 1 (1048576 bytes, hash: 488de202f73bd976)
DEBUG: Created chunk 2 (1048576 bytes, hash: 488de202f73bd976)
DEBUG: Chunked file into 3 chunks
SPLITTING: Created 3 chunks total
CHUNK 0: Storing chunk 1/3 (hash: 488de202f73bd976, size: 1048576 bytes)
DEBUG: Storing object with hash: 488de202f73bd976de4e7048f4e1f39a776d86d582b7348ff53bf432b987fca8
DEBUG: Creating object directory: ".fai/objects/48"
DEBUG: Object path: ".fai/objects/48/8de202f73bd976de4e7048f4e1f39a776d86d582b7348ff53bf432b987fca8"
DEBUG: Object already exists: false
DEBUG: Writing 1048576 bytes to object file
DEBUG: Successfully wrote object file
Stored chunk 0: 488de202f73bd976de4e7048f4e1f39a776d86d582b7348ff53bf432b987fca8 (1048576 bytes)
CHUNK 0: Stored with hash: 488de202f73bd976
CHUNK 1: Storing chunk 2/3 (hash: 488de202f73bd976, size: 1048576 bytes)
DEBUG: Storing object with hash: 488de202f73bd976de4e7048f4e1f39a776d86d582b7348ff53bf432b987fca8
DEBUG: Creating object directory: ".fai/objects/48"
DEBUG: Object path: ".fai/objects/48/8de202f73bd976de4e7048f4e1f39a776d86d582b7348ff53bf432b987fca8"
DEBUG: Object already exists: true
DEBUG: Object file already exists, skipping write
Stored chunk 1: 488de202f73bd976de4e7048f4e1f39a776d86d582b7348ff53bf432b987fca8 (1048576 bytes)
CHUNK 1: Stored with hash: 488de202f73bd976
CHUNK 2: Storing chunk 3/3 (hash: 488de202f73bd976, size: 1048576 bytes)
DEBUG: Storing object with hash: 488de202f73bd976de4e7048f4e1f39a776d86d582b7348ff53bf432b987fca8
DEBUG: Creating object directory: ".fai/objects/48"
DEBUG: Object path: ".fai/objects/48/8de202f73bd976de4e7048f4e1f39a776d86d582b7348ff53bf432b987fca8"
DEBUG: Object already exists: true
DEBUG: Object file already exists, skipping write
Stored chunk 2: 488de202f73bd976de4e7048f4e1f39a776d86d582b7348ff53bf432b987fca8 (1048576 bytes)
CHUNK 2: Stored with hash: 488de202f73bd976
MANIFEST: Creating manifest for 3 chunks
MANIFEST: Building manifest with 3 chunks
MANIFEST:   Chunk 0 -> 488de202f73bd976 (1048576 bytes)
MANIFEST:   Chunk 1 -> 488de202f73bd976 (1048576 bytes)
MANIFEST:   Chunk 2 -> 488de202f73bd976 (1048576 bytes)
MANIFEST: JSON size: 281 bytes
MANIFEST: Total file size: 3145728 bytes (3.00 MB)
DEBUG: Storing object with hash: 9bc3a10f284690bdead750dda5be6bd4675f28dac928e19d446d082918718acb
DEBUG: Creating object directory: ".fai/objects/9b"
DEBUG: Object path: ".fai/objects/9b/c3a10f284690bdead750dda5be6bd4675f28dac928e19d446d082918718acb"
DEBUG: Object already exists: false
DEBUG: Writing 281 bytes to object file
DEBUG: Successfully wrote object file
Created manifest: 9bc3a10f284690bdead750dda5be6bd4675f28dac928e19d446d082918718acb
MANIFEST: Created manifest with hash: 9bc3a10f284690bd
MANIFEST: Stored large file successfully (3 chunks -> manifest)
DEBUG: Stored file content with hash: 9bc3a10f284690bdead750dda5be6bd4675f28dac928e19d446d082918718acb (3145728 bytes)
DEBUG: Added file to staging: test_large.bin -> 9bc3a10f284690bdead750dda5be6bd4675f28dac928e19d446d082918718acb
DEBUG: Verified file exists in storage: 9bc3a10f284690bdead750dda5be6bd4675f28dac928e19d446d082918718acb
✓ File was chunked into multiple pieces
Added test_large.bin (9bc3a10f284690bdead750dda5be6bd4675f28dac928e19d446d082918718acb)
  Manifest hash: 9bc3a10f284690bdead750dda5be6bd4675f28dac928e19d446d082918718acb (9bc3a10f)
  3 chunks, 3145728 total bytes (3.00 MB)
  Chunk 0: 488de202f73bd976de4e7048f4e1f39a776d86d582b7348ff53bf432b987fca8 (488de202)
  Chunk 1: 488de202f73bd976de4e7048f4e1f39a776d86d582b7348ff53bf432b987fca8 (488de202)
  Chunk 2: 488de202f73bd976de4e7048f4e1f39a776d86d582b7348ff53bf432b987fca8 (488de202)
Large file hash: 9bc3a10f284690bdead750dda5be6bd4675f28dac928e19d446d082918718acb
Hash type: MANIFEST (should reconstruct complete file)

=== CHECKING STORAGE STRUCTURE ===
Objects in storage:
     281 .fai/objects/9b/c3a10f284690bdead750dda5be6bd4675f28dac928e19d446d082918718acb
 1048576 .fai/objects/48/8de202f73bd976de4e7048f4e1f39a776d86d582b7348ff53bf432b987fca8

=== LOOKING FOR MANIFEST FILES ===
.fai/objects/9b/c3a10f284690bdead750dda5be6bd4675f28dac928e19d446d082918718acb: JSON data

=== TESTING DIRECT STORAGE RETRIEVAL ===
FAI Protocol - Decentralized version control for AI models

Usage: fai <COMMAND>

Commands:
  init    Initialize a new FAI repository
  add     Add a model file to the repository
  commit  Commit changes with a message
  status  Show repository status
  log     Show commit history
  peers   Discover and list network peers
  fetch   Fetch a chunk of data from a peer
  serve   Start server to serve chunks to other peers
  chunks  List chunks for a multi-chunk file
  help    Print this message or the help of the given subcommand(s)

Options:
  -h, --help     Print help
  -V, --version  Print version

=== TESTING WITH SERVER ===
Server peer ID: 12D3KooWJVE4Ls5tzzK2GtW4oss3eZMyveLNVFZuCGLtgF3L2ao7
Fetching large file...
    Finished `dev` profile [unoptimized + debuginfo] target(s) in 0.09s
     Running `target/debug/fai fetch 12D3KooWJVE4Ls5tzzK2GtW4oss3eZMyveLNVFZuCGLtgF3L2ao7 9bc3a10f284690bdead750dda5be6bd4675f28dac928e19d446d082918718acb`
Discovering peers...
FAI Protocol network started
Local peer ID: 12D3KooWNCy5rCnzVNBmPDJhFQvcPZEYWTbAwmctKxACzNpNT9DE
Local peer ID: 12D3KooWNCy5rCnzVNBmPDJhFQvcPZEYWTbAwmctKxACzNpNT9DE
DEBUG: Starting peer discovery for 10 seconds...
DEBUG: Target peer: 12D3KooWJVE4Ls5tzzK2GtW4oss3eZMyveLNVFZuCGLtgF3L2ao7
DEBUG: Starting discovery with tokio::select timeout
DEBUG: Network event: NewListenAddr { listener_id: ListenerId(1), address: /ip4/127.0.0.1/tcp/61908 }
Listening on /ip4/127.0.0.1/tcp/61908
DEBUG: Network event: NewListenAddr { listener_id: ListenerId(1), address: /ip4/192.168.194.215/tcp/61908 }
Listening on /ip4/192.168.194.215/tcp/61908
DEBUG: Network event: NewListenAddr { listener_id: ListenerId(1), address: /ip4/192.168.1.4/tcp/61908 }
Listening on /ip4/192.168.1.4/tcp/61908
DEBUG: Network event: Behaviour(Mdns(Discovered([(PeerId("12D3KooWJVE4Ls5tzzK2GtW4oss3eZMyveLNVFZuCGLtgF3L2ao7"), /ip4/192.168.194.215/tcp/61907/p2p/12D3KooWJVE4Ls5tzzK2GtW4oss3eZMyveLNVFZuCGLtgF3L2ao7)])))
Discovered peer 12D3KooWJVE4Ls5tzzK2GtW4oss3eZMyveLNVFZuCGLtgF3L2ao7 at /ip4/192.168.194.215/tcp/61907/p2p/12D3KooWJVE4Ls5tzzK2GtW4oss3eZMyveLNVFZuCGLtgF3L2ao7
DEBUG: Network event: Behaviour(Mdns(Discovered([(PeerId("12D3KooWJVE4Ls5tzzK2GtW4oss3eZMyveLNVFZuCGLtgF3L2ao7"), /ip4/192.168.1.4/tcp/61907/p2p/12D3KooWJVE4Ls5tzzK2GtW4oss3eZMyveLNVFZuCGLtgF3L2ao7)])))
Discovered peer 12D3KooWJVE4Ls5tzzK2GtW4oss3eZMyveLNVFZuCGLtgF3L2ao7 at /ip4/192.168.1.4/tcp/61907/p2p/12D3KooWJVE4Ls5tzzK2GtW4oss3eZMyveLNVFZuCGLtgF3L2ao7
DEBUG: Network event: OutgoingConnectionError { connection_id: ConnectionId(1), peer_id: Some(PeerId("12D3KooWJVE4Ls5tzzK2GtW4oss3eZMyveLNVFZuCGLtgF3L2ao7")), error: Transport([(/ip4/192.168.194.215/tcp/61907/p2p/12D3KooWJVE4Ls5tzzK2GtW4oss3eZMyveLNVFZuCGLtgF3L2ao7, Other(Custom { kind: Other, error: Other(Left(Right(Apply(Io(Custom { kind: InvalidData, error: Input }))))) }))]) }
DEBUG: Network event: ConnectionEstablished { peer_id: PeerId("12D3KooWJVE4Ls5tzzK2GtW4oss3eZMyveLNVFZuCGLtgF3L2ao7"), connection_id: ConnectionId(2), endpoint: Dialer { address: /ip4/192.168.1.4/tcp/61907/p2p/12D3KooWJVE4Ls5tzzK2GtW4oss3eZMyveLNVFZuCGLtgF3L2ao7, role_override: Dialer, port_use: Reuse }, num_established: 1, concurrent_dial_errors: Some([]), established_in: 414.855584ms }
DEBUG: Connection established to 12D3KooWJVE4Ls5tzzK2GtW4oss3eZMyveLNVFZuCGLtgF3L2ao7
DEBUG: Discovery timeout reached after 10 seconds!
DEBUG: Discovery time elapsed (10 seconds), checking results...
DEBUG: About to check discovered peers...
DEBUG: Discovery complete
DEBUG: Discovered 1 peers
DEBUG: Peer: 12D3KooWJVE4Ls5tzzK2GtW4oss3eZMyveLNVFZuCGLtgF3L2ao7
DEBUG: Looking for target peer: 12D3KooWJVE4Ls5tzzK2GtW4oss3eZMyveLNVFZuCGLtgF3L2ao7
DEBUG: Target peer found: true
Found peer 12D3KooWJVE4Ls5tzzK2GtW4oss3eZMyveLNVFZuCGLtgF3L2ao7
Detected multi-chunk file
Downloading 3 chunks...
Downloading chunk 1/3 (488de202)...
DEBUG: request_chunk called with peer=12D3KooWJVE4Ls5tzzK2GtW4oss3eZMyveLNVFZuCGLtgF3L2ao7, hash=488de202f73bd976de4e7048f4e1f39a776d86d582b7348ff53bf432b987fca8
DEBUG: Currently connected to 1 peers: [PeerId("12D3KooWJVE4Ls5tzzK2GtW4oss3eZMyveLNVFZuCGLtgF3L2ao7")]
DEBUG: Sent chunk request 488de202f73bd976de4e7048f4e1f39a776d86d582b7348ff53bf432b987fca8 to peer 12D3KooWJVE4Ls5tzzK2GtW4oss3eZMyveLNVFZuCGLtgF3L2ao7, request_id=OutboundRequestId(1)
DEBUG: Starting to wait for response...
DEBUG: Received matching response for request OutboundRequestId(1): hash=488de202f73bd976de4e7048f4e1f39a776d86d582b7348ff53bf432b987fca8, data_len=1048576, has_data=true
DEBUG: Successfully received 1048576 bytes: [0, 0, 0, 0, 0, 0, 0, 0, 0, 0, 0, 0, 0, 0, 0, 0, 0, 0, 0, 0]
✓ Downloaded chunk 1 (1048576 bytes)
Downloading chunk 2/3 (488de202)...
DEBUG: request_chunk called with peer=12D3KooWJVE4Ls5tzzK2GtW4oss3eZMyveLNVFZuCGLtgF3L2ao7, hash=488de202f73bd976de4e7048f4e1f39a776d86d582b7348ff53bf432b987fca8
DEBUG: Currently connected to 1 peers: [PeerId("12D3KooWJVE4Ls5tzzK2GtW4oss3eZMyveLNVFZuCGLtgF3L2ao7")]
DEBUG: Sent chunk request 488de202f73bd976de4e7048f4e1f39a776d86d582b7348ff53bf432b987fca8 to peer 12D3KooWJVE4Ls5tzzK2GtW4oss3eZMyveLNVFZuCGLtgF3L2ao7, request_id=OutboundRequestId(2)
DEBUG: Starting to wait for response...
DEBUG: Received matching response for request OutboundRequestId(2): hash=488de202f73bd976de4e7048f4e1f39a776d86d582b7348ff53bf432b987fca8, data_len=1048576, has_data=true
DEBUG: Successfully received 1048576 bytes: [0, 0, 0, 0, 0, 0, 0, 0, 0, 0, 0, 0, 0, 0, 0, 0, 0, 0, 0, 0]
✓ Downloaded chunk 2 (1048576 bytes)
Downloading chunk 3/3 (488de202)...
DEBUG: request_chunk called with peer=12D3KooWJVE4Ls5tzzK2GtW4oss3eZMyveLNVFZuCGLtgF3L2ao7, hash=488de202f73bd976de4e7048f4e1f39a776d86d582b7348ff53bf432b987fca8
DEBUG: Currently connected to 1 peers: [PeerId("12D3KooWJVE4Ls5tzzK2GtW4oss3eZMyveLNVFZuCGLtgF3L2ao7")]
DEBUG: Sent chunk request 488de202f73bd976de4e7048f4e1f39a776d86d582b7348ff53bf432b987fca8 to peer 12D3KooWJVE4Ls5tzzK2GtW4oss3eZMyveLNVFZuCGLtgF3L2ao7, request_id=OutboundRequestId(3)
DEBUG: Starting to wait for response...
DEBUG: Received matching response for request OutboundRequestId(3): hash=488de202f73bd976de4e7048f4e1f39a776d86d582b7348ff53bf432b987fca8, data_len=1048576, has_data=true
DEBUG: Successfully received 1048576 bytes: [0, 0, 0, 0, 0, 0, 0, 0, 0, 0, 0, 0, 0, 0, 0, 0, 0, 0, 0, 0]
✓ Downloaded chunk 3 (1048576 bytes)
✓ All 3 chunks downloaded
Assembling complete file from 3 chunks...
✓ Assembled complete file (3145728 bytes)
Saved to: fetched_9bc3a10f284690bdead750dda5be6bd4675f28dac928e19d446d082918718acb.dat
Fetched file size:  3145728 bytes
✓ SUCCESS: File sizes match!

=== SERVER LOG ===
    Finished `dev` profile [unoptimized + debuginfo] target(s) in 0.09s
     Running `target/debug/fai serve`
FAI server starting...
FAI Protocol network started
Local peer ID: 12D3KooWJVE4Ls5tzzK2GtW4oss3eZMyveLNVFZuCGLtgF3L2ao7
FAI server started
Local peer ID: 12D3KooWJVE4Ls5tzzK2GtW4oss3eZMyveLNVFZuCGLtgF3L2ao7
Ready to serve chunks...
Press Ctrl+C to stop
DEBUG: Network event: NewListenAddr { listener_id: ListenerId(1), address: /ip4/127.0.0.1/tcp/61907 }
Listening on /ip4/127.0.0.1/tcp/61907
DEBUG: Network event: NewListenAddr { listener_id: ListenerId(1), address: /ip4/192.168.194.215/tcp/61907 }
Listening on /ip4/192.168.194.215/tcp/61907
DEBUG: Network event: NewListenAddr { listener_id: ListenerId(1), address: /ip4/192.168.1.4/tcp/61907 }
Listening on /ip4/192.168.1.4/tcp/61907
DEBUG: Network event: Behaviour(Mdns(Discovered([(PeerId("12D3KooWNCy5rCnzVNBmPDJhFQvcPZEYWTbAwmctKxACzNpNT9DE"), /ip4/192.168.194.215/tcp/61908/p2p/12D3KooWNCy5rCnzVNBmPDJhFQvcPZEYWTbAwmctKxACzNpNT9DE)])))
Discovered peer 12D3KooWNCy5rCnzVNBmPDJhFQvcPZEYWTbAwmctKxACzNpNT9DE at /ip4/192.168.194.215/tcp/61908/p2p/12D3KooWNCy5rCnzVNBmPDJhFQvcPZEYWTbAwmctKxACzNpNT9DE
DEBUG: Network event: Behaviour(Mdns(Discovered([(PeerId("12D3KooWNCy5rCnzVNBmPDJhFQvcPZEYWTbAwmctKxACzNpNT9DE"), /ip4/192.168.1.4/tcp/61908/p2p/12D3KooWNCy5rCnzVNBmPDJhFQvcPZEYWTbAwmctKxACzNpNT9DE)])))
Discovered peer 12D3KooWNCy5rCnzVNBmPDJhFQvcPZEYWTbAwmctKxACzNpNT9DE at /ip4/192.168.1.4/tcp/61908/p2p/12D3KooWNCy5rCnzVNBmPDJhFQvcPZEYWTbAwmctKxACzNpNT9DE
DEBUG: Network event: OutgoingConnectionError { connection_id: ConnectionId(1), peer_id: Some(PeerId("12D3KooWNCy5rCnzVNBmPDJhFQvcPZEYWTbAwmctKxACzNpNT9DE")), error: Transport([(/ip4/192.168.194.215/tcp/61908/p2p/12D3KooWNCy5rCnzVNBmPDJhFQvcPZEYWTbAwmctKxACzNpNT9DE, Other(Custom { kind: Other, error: Other(Left(Right(Apply(Io(Custom { kind: InvalidData, error: Input }))))) }))]) }
DEBUG: Network event: OutgoingConnectionError { connection_id: ConnectionId(2), peer_id: Some(PeerId("12D3KooWNCy5rCnzVNBmPDJhFQvcPZEYWTbAwmctKxACzNpNT9DE")), error: Transport([(/ip4/192.168.1.4/tcp/61908/p2p/12D3KooWNCy5rCnzVNBmPDJhFQvcPZEYWTbAwmctKxACzNpNT9DE, Other(Custom { kind: Other, error: Other(Left(Left(Os { code: 48, kind: AddrInUse, message: "Address already in use" }))) }))]) }
DEBUG: Network event: IncomingConnection { connection_id: ConnectionId(3), local_addr: /ip4/192.168.1.4/tcp/61907, send_back_addr: /ip4/192.168.1.4/tcp/61908 }
DEBUG: Network event: ConnectionEstablished { peer_id: PeerId("12D3KooWNCy5rCnzVNBmPDJhFQvcPZEYWTbAwmctKxACzNpNT9DE"), connection_id: ConnectionId(3), endpoint: Listener { local_addr: /ip4/192.168.1.4/tcp/61907, send_back_addr: /ip4/192.168.1.4/tcp/61908 }, num_established: 1, concurrent_dial_errors: None, established_in: 102.60075ms }
DEBUG: Connection established to 12D3KooWNCy5rCnzVNBmPDJhFQvcPZEYWTbAwmctKxACzNpNT9DE
DEBUG: Network event: Behaviour(RequestResponse(Message { peer: PeerId("12D3KooWNCy5rCnzVNBmPDJhFQvcPZEYWTbAwmctKxACzNpNT9DE"), message: Request { request_id: InboundRequestId(1), request: ChunkRequest { hash: "488de202f73bd976de4e7048f4e1f39a776d86d582b7348ff53bf432b987fca8" }, channel: ResponseChannel { sender: Sender { complete: false } } } }))
DEBUG: Received chunk request 488de202f73bd976de4e7048f4e1f39a776d86d582b7348ff53bf432b987fca8 from 12D3KooWNCy5rCnzVNBmPDJhFQvcPZEYWTbAwmctKxACzNpNT9DE (request_id: InboundRequestId(1))
DEBUG: Server attempting to retrieve chunk: 488de202f73bd976de4e7048f4e1f39a776d86d582b7348ff53bf432b987fca8
DEBUG: StorageManager::retrieve called with hash: 488de202f73bd976de4e7048f4e1f39a776d86d582b7348ff53bf432b987fca8
DEBUG: Looking for object at path: ".fai/objects/48/8de202f73bd976de4e7048f4e1f39a776d86d582b7348ff53bf432b987fca8"
DEBUG: Object exists: true
DEBUG: Successfully retrieved 1048576 bytes for hash: 488de202f73bd976de4e7048f4e1f39a776d86d582b7348ff53bf432b987fca8
DEBUG: Server successfully retrieved chunk 488de202f73bd976de4e7048f4e1f39a776d86d582b7348ff53bf432b987fca8 (1048576 bytes)
DEBUG: Server sending chunk response with data
Sent chunk 488de202f73bd976de4e7048f4e1f39a776d86d582b7348ff53bf432b987fca8 (1048576 bytes) to peer 12D3KooWNCy5rCnzVNBmPDJhFQvcPZEYWTbAwmctKxACzNpNT9DE
DEBUG: Network event: Behaviour(RequestResponse(ResponseSent { peer: PeerId("12D3KooWNCy5rCnzVNBmPDJhFQvcPZEYWTbAwmctKxACzNpNT9DE"), request_id: InboundRequestId(1) }))
DEBUG: Network event: Behaviour(RequestResponse(Message { peer: PeerId("12D3KooWNCy5rCnzVNBmPDJhFQvcPZEYWTbAwmctKxACzNpNT9DE"), message: Request { request_id: InboundRequestId(2), request: ChunkRequest { hash: "488de202f73bd976de4e7048f4e1f39a776d86d582b7348ff53bf432b987fca8" }, channel: ResponseChannel { sender: Sender { complete: false } } } }))
DEBUG: Received chunk request 488de202f73bd976de4e7048f4e1f39a776d86d582b7348ff53bf432b987fca8 from 12D3KooWNCy5rCnzVNBmPDJhFQvcPZEYWTbAwmctKxACzNpNT9DE (request_id: InboundRequestId(2))
DEBUG: Server attempting to retrieve chunk: 488de202f73bd976de4e7048f4e1f39a776d86d582b7348ff53bf432b987fca8
DEBUG: StorageManager::retrieve called with hash: 488de202f73bd976de4e7048f4e1f39a776d86d582b7348ff53bf432b987fca8
DEBUG: Looking for object at path: ".fai/objects/48/8de202f73bd976de4e7048f4e1f39a776d86d582b7348ff53bf432b987fca8"
DEBUG: Object exists: true
DEBUG: Successfully retrieved 1048576 bytes for hash: 488de202f73bd976de4e7048f4e1f39a776d86d582b7348ff53bf432b987fca8
DEBUG: Server successfully retrieved chunk 488de202f73bd976de4e7048f4e1f39a776d86d582b7348ff53bf432b987fca8 (1048576 bytes)
DEBUG: Server sending chunk response with data
Sent chunk 488de202f73bd976de4e7048f4e1f39a776d86d582b7348ff53bf432b987fca8 (1048576 bytes) to peer 12D3KooWNCy5rCnzVNBmPDJhFQvcPZEYWTbAwmctKxACzNpNT9DE
DEBUG: Network event: Behaviour(RequestResponse(ResponseSent { peer: PeerId("12D3KooWNCy5rCnzVNBmPDJhFQvcPZEYWTbAwmctKxACzNpNT9DE"), request_id: InboundRequestId(2) }))
DEBUG: Network event: Behaviour(RequestResponse(Message { peer: PeerId("12D3KooWNCy5rCnzVNBmPDJhFQvcPZEYWTbAwmctKxACzNpNT9DE"), message: Request { request_id: InboundRequestId(3), request: ChunkRequest { hash: "488de202f73bd976de4e7048f4e1f39a776d86d582b7348ff53bf432b987fca8" }, channel: ResponseChannel { sender: Sender { complete: false } } } }))
DEBUG: Received chunk request 488de202f73bd976de4e7048f4e1f39a776d86d582b7348ff53bf432b987fca8 from 12D3KooWNCy5rCnzVNBmPDJhFQvcPZEYWTbAwmctKxACzNpNT9DE (request_id: InboundRequestId(3))
DEBUG: Server attempting to retrieve chunk: 488de202f73bd976de4e7048f4e1f39a776d86d582b7348ff53bf432b987fca8
DEBUG: StorageManager::retrieve called with hash: 488de202f73bd976de4e7048f4e1f39a776d86d582b7348ff53bf432b987fca8
DEBUG: Looking for object at path: ".fai/objects/48/8de202f73bd976de4e7048f4e1f39a776d86d582b7348ff53bf432b987fca8"
DEBUG: Object exists: true
DEBUG: Successfully retrieved 1048576 bytes for hash: 488de202f73bd976de4e7048f4e1f39a776d86d582b7348ff53bf432b987fca8
DEBUG: Server successfully retrieved chunk 488de202f73bd976de4e7048f4e1f39a776d86d582b7348ff53bf432b987fca8 (1048576 bytes)
DEBUG: Server sending chunk response with data
Sent chunk 488de202f73bd976de4e7048f4e1f39a776d86d582b7348ff53bf432b987fca8 (1048576 bytes) to peer 12D3KooWNCy5rCnzVNBmPDJhFQvcPZEYWTbAwmctKxACzNpNT9DE
./test_multichunk_debug.sh: line 87: 41370 Terminated: 15          cargo run -- serve > serve.log 2>&1

=== DEBUG COMPLETE ===